"QUERY PLAN"
"Nested Loop  (cost=0.00..15299.25 rows=185000 width=162)"
"  Join Filter: (historico.valorpago > (SubPlan 1))"
"  ->  Seq Scan on historico  (cost=0.00..17.50 rows=750 width=80)"
"  ->  Materialize  (cost=0.00..21.10 rows=740 width=82)"
"        ->  Seq Scan on produto  (cost=0.00..17.40 rows=740 width=82)"
"  SubPlan 1"
"    ->  Result  (cost=0.00..0.01 rows=1 width=32)"
"          One-Time Filter: ((NOT produto.devolvido) AND (produto.idproduto = historico.idproduto))"
