"QUERY PLAN"
"Hash Join  (cost=41.61..47.12 rows=1 width=68) (actual time=0.074..0.079 rows=2 loops=1)"
"  Hash Cond: (((servico.tipo)::text = (s.tipo)::text) AND ((max(servico.preco)) = s.preco))"
"  ->  HashAggregate  (cost=20.80..22.80 rows=200 width=64) (actual time=0.020..0.023 rows=7 loops=1)"
"        Group Key: servico.tipo"
"        ->  Seq Scan on servico  (cost=0.00..17.20 rows=720 width=64) (actual time=0.005..0.007 rows=19 loops=1)"
"  ->  Hash  (cost=20.80..20.80 rows=1 width=68) (actual time=0.026..0.027 rows=11 loops=1)"
"        Buckets: 1024  Batches: 1  Memory Usage: 5kB"
"        ->  Seq Scan on servico s  (cost=0.00..20.80 rows=1 width=68) (actual time=0.017..0.020 rows=11 loops=1)"
"              Filter: ((status = 'T'::bpchar) AND (idtecnico = 7))"
"              Rows Removed by Filter: 8"
"Planning time: 0.128 ms"
"Execution time: 0.114 ms"
