"QUERY PLAN"
"Hash Join  (cost=39.86..45.37 rows=1 width=68)"
"  Hash Cond: (((servico.tipo)::text = (s.tipo)::text) AND ((max(servico.preco)) = s.preco))"
"  ->  HashAggregate  (cost=20.80..22.80 rows=200 width=64)"
"        Group Key: servico.tipo"
"        ->  Seq Scan on servico  (cost=0.00..17.20 rows=720 width=64)"
"  ->  Hash  (cost=19.00..19.00 rows=4 width=68)"
"        ->  Seq Scan on servico s  (cost=0.00..19.00 rows=4 width=68)"
"              Filter: (status = 'A'::bpchar)"
